<?xml version="1.0" encoding="UTF-8" standalone="no"?>
<testsuite failures="0" name="cucumber.runtime.formatter.JUnitFormatter" skipped="0" tests="1" time="25.373979">
<testcase classname="Validation Authentication of User" name="Get all the tags and validate" time="25.373979">
<system-out><![CDATA[Given I make a get call on all the tags and validate tags...................passed
]]></system-out>
</testcase>
</testsuite>
